e:\code\litehtml\litebrowser-master\litebrowser-master\libs\litehtml\src\win32\debug\document.obj
e:\code\litehtml\litebrowser-master\litebrowser-master\libs\litehtml\src\win32\debug\el_font.obj
e:\code\litehtml\litebrowser-master\litebrowser-master\libs\litehtml\src\win32\debug\el_td.obj
e:\code\litehtml\litebrowser-master\litebrowser-master\libs\litehtml\src\win32\debug\style.obj
e:\code\litehtml\litebrowser-master\litebrowser-master\libs\litehtml\src\win32\debug\box.obj
e:\code\litehtml\litebrowser-master\litebrowser-master\libs\litehtml\src\win32\debug\el_break.obj
e:\code\litehtml\litebrowser-master\litebrowser-master\libs\litehtml\src\win32\debug\el_image.obj
e:\code\litehtml\litebrowser-master\litebrowser-master\libs\litehtml\src\win32\debug\el_text.obj
e:\code\litehtml\litebrowser-master\litebrowser-master\libs\litehtml\src\win32\debug\utf8_strings.obj
e:\code\litehtml\litebrowser-master\litebrowser-master\libs\litehtml\src\win32\debug\el_anchor.obj
e:\code\litehtml\litebrowser-master\litebrowser-master\libs\litehtml\src\win32\debug\el_comment.obj
e:\code\litehtml\litebrowser-master\litebrowser-master\libs\litehtml\src\win32\debug\el_table.obj
e:\code\litehtml\litebrowser-master\litebrowser-master\libs\litehtml\src\win32\debug\media_query.obj
e:\code\litehtml\litebrowser-master\litebrowser-master\libs\litehtml\src\win32\debug\css_selector.obj
e:\code\litehtml\litebrowser-master\litebrowser-master\libs\litehtml\src\win32\debug\el_div.obj
e:\code\litehtml\litebrowser-master\litebrowser-master\libs\litehtml\src\win32\debug\el_style.obj
e:\code\litehtml\litebrowser-master\litebrowser-master\libs\litehtml\src\win32\debug\iterators.obj
e:\code\litehtml\litebrowser-master\litebrowser-master\libs\litehtml\src\win32\debug\css_length.obj
e:\code\litehtml\litebrowser-master\litebrowser-master\libs\litehtml\src\win32\debug\el_body.obj
e:\code\litehtml\litebrowser-master\litebrowser-master\libs\litehtml\src\win32\debug\el_space.obj
e:\code\litehtml\litebrowser-master\litebrowser-master\libs\litehtml\src\win32\debug\html_tag.obj
e:\code\litehtml\litebrowser-master\litebrowser-master\libs\litehtml\src\win32\debug\background.obj
e:\code\litehtml\litebrowser-master\litebrowser-master\libs\litehtml\src\win32\debug\el_base.obj
e:\code\litehtml\litebrowser-master\litebrowser-master\libs\litehtml\src\win32\debug\el_link.obj
e:\code\litehtml\litebrowser-master\litebrowser-master\libs\litehtml\src\win32\debug\el_title.obj
e:\code\litehtml\litebrowser-master\litebrowser-master\libs\litehtml\src\win32\debug\table.obj
e:\code\litehtml\litebrowser-master\litebrowser-master\libs\litehtml\src\win32\debug\element.obj
e:\code\litehtml\litebrowser-master\litebrowser-master\libs\litehtml\src\win32\debug\el_cdata.obj
e:\code\litehtml\litebrowser-master\litebrowser-master\libs\litehtml\src\win32\debug\el_para.obj
e:\code\litehtml\litebrowser-master\litebrowser-master\libs\litehtml\src\win32\debug\el_tr.obj
e:\code\litehtml\litebrowser-master\litebrowser-master\libs\litehtml\src\win32\debug\stylesheet.obj
e:\code\litehtml\litebrowser-master\litebrowser-master\libs\litehtml\src\win32\debug\context.obj
e:\code\litehtml\litebrowser-master\litebrowser-master\libs\litehtml\src\win32\debug\el_before_after.obj
e:\code\litehtml\litebrowser-master\litebrowser-master\libs\litehtml\src\win32\debug\el_script.obj
e:\code\litehtml\litebrowser-master\litebrowser-master\libs\litehtml\src\win32\debug\html.obj
e:\code\litehtml\litebrowser-master\litebrowser-master\libs\litehtml\src\win32\debug\web_color.obj
e:\code\litehtml\litebrowser-master\litebrowser-master\libs\litehtml\src\win32\debug\litehtml.pdb
e:\code\litehtml\litebrowser-master\litebrowser-master\libs\litehtml\src\win32\debug\attribute.obj
e:\code\litehtml\litebrowser-master\litebrowser-master\libs\litehtml\src\win32\debug\util.obj
e:\code\litehtml\litebrowser-master\litebrowser-master\libs\litehtml\src\win32\debug\char_ref.obj
e:\code\litehtml\litebrowser-master\litebrowser-master\libs\litehtml\src\win32\debug\tokenizer.obj
e:\code\litehtml\litebrowser-master\litebrowser-master\libs\litehtml\src\win32\debug\tag.obj
e:\code\litehtml\litebrowser-master\litebrowser-master\libs\litehtml\src\win32\debug\utf8.obj
e:\code\litehtml\litebrowser-master\litebrowser-master\libs\litehtml\src\win32\debug\parser.obj
e:\code\litehtml\litebrowser-master\litebrowser-master\libs\litehtml\src\win32\debug\error.obj
e:\code\litehtml\litebrowser-master\litebrowser-master\libs\litehtml\src\win32\debug\string_piece.obj
e:\code\litehtml\litebrowser-master\litebrowser-master\libs\litehtml\src\win32\debug\vector.obj
e:\code\litehtml\litebrowser-master\litebrowser-master\libs\litehtml\src\win32\debug\string_buffer.obj
e:\code\litehtml\litebrowser-master\litebrowser-master\win32\debug\litehtml.lib
e:\code\litehtml\sdl container\sdlbrowser\libs\litehtml\src\win32\debug\attribute.obj
e:\code\litehtml\sdl container\sdlbrowser\libs\litehtml\src\win32\debug\background.obj
e:\code\litehtml\sdl container\sdlbrowser\libs\litehtml\src\win32\debug\box.obj
e:\code\litehtml\sdl container\sdlbrowser\libs\litehtml\src\win32\debug\char_ref.obj
e:\code\litehtml\sdl container\sdlbrowser\libs\litehtml\src\win32\debug\context.obj
e:\code\litehtml\sdl container\sdlbrowser\libs\litehtml\src\win32\debug\css_length.obj
e:\code\litehtml\sdl container\sdlbrowser\libs\litehtml\src\win32\debug\css_selector.obj
e:\code\litehtml\sdl container\sdlbrowser\libs\litehtml\src\win32\debug\document.obj
e:\code\litehtml\sdl container\sdlbrowser\libs\litehtml\src\win32\debug\element.obj
e:\code\litehtml\sdl container\sdlbrowser\libs\litehtml\src\win32\debug\el_anchor.obj
e:\code\litehtml\sdl container\sdlbrowser\libs\litehtml\src\win32\debug\el_base.obj
e:\code\litehtml\sdl container\sdlbrowser\libs\litehtml\src\win32\debug\el_before_after.obj
e:\code\litehtml\sdl container\sdlbrowser\libs\litehtml\src\win32\debug\el_body.obj
e:\code\litehtml\sdl container\sdlbrowser\libs\litehtml\src\win32\debug\el_break.obj
e:\code\litehtml\sdl container\sdlbrowser\libs\litehtml\src\win32\debug\el_cdata.obj
e:\code\litehtml\sdl container\sdlbrowser\libs\litehtml\src\win32\debug\el_comment.obj
e:\code\litehtml\sdl container\sdlbrowser\libs\litehtml\src\win32\debug\el_div.obj
e:\code\litehtml\sdl container\sdlbrowser\libs\litehtml\src\win32\debug\el_font.obj
e:\code\litehtml\sdl container\sdlbrowser\libs\litehtml\src\win32\debug\el_image.obj
e:\code\litehtml\sdl container\sdlbrowser\libs\litehtml\src\win32\debug\el_link.obj
e:\code\litehtml\sdl container\sdlbrowser\libs\litehtml\src\win32\debug\el_para.obj
e:\code\litehtml\sdl container\sdlbrowser\libs\litehtml\src\win32\debug\el_script.obj
e:\code\litehtml\sdl container\sdlbrowser\libs\litehtml\src\win32\debug\el_space.obj
e:\code\litehtml\sdl container\sdlbrowser\libs\litehtml\src\win32\debug\el_style.obj
e:\code\litehtml\sdl container\sdlbrowser\libs\litehtml\src\win32\debug\el_table.obj
e:\code\litehtml\sdl container\sdlbrowser\libs\litehtml\src\win32\debug\el_td.obj
e:\code\litehtml\sdl container\sdlbrowser\libs\litehtml\src\win32\debug\el_text.obj
e:\code\litehtml\sdl container\sdlbrowser\libs\litehtml\src\win32\debug\el_title.obj
e:\code\litehtml\sdl container\sdlbrowser\libs\litehtml\src\win32\debug\el_tr.obj
e:\code\litehtml\sdl container\sdlbrowser\libs\litehtml\src\win32\debug\error.obj
e:\code\litehtml\sdl container\sdlbrowser\libs\litehtml\src\win32\debug\html.obj
e:\code\litehtml\sdl container\sdlbrowser\libs\litehtml\src\win32\debug\html_tag.obj
e:\code\litehtml\sdl container\sdlbrowser\libs\litehtml\src\win32\debug\iterators.obj
e:\code\litehtml\sdl container\sdlbrowser\libs\litehtml\src\win32\debug\media_query.obj
e:\code\litehtml\sdl container\sdlbrowser\libs\litehtml\src\win32\debug\parser.obj
e:\code\litehtml\sdl container\sdlbrowser\libs\litehtml\src\win32\debug\string_buffer.obj
e:\code\litehtml\sdl container\sdlbrowser\libs\litehtml\src\win32\debug\string_piece.obj
e:\code\litehtml\sdl container\sdlbrowser\libs\litehtml\src\win32\debug\style.obj
e:\code\litehtml\sdl container\sdlbrowser\libs\litehtml\src\win32\debug\stylesheet.obj
e:\code\litehtml\sdl container\sdlbrowser\libs\litehtml\src\win32\debug\table.obj
e:\code\litehtml\sdl container\sdlbrowser\libs\litehtml\src\win32\debug\tag.obj
e:\code\litehtml\sdl container\sdlbrowser\libs\litehtml\src\win32\debug\tokenizer.obj
e:\code\litehtml\sdl container\sdlbrowser\libs\litehtml\src\win32\debug\utf8.obj
e:\code\litehtml\sdl container\sdlbrowser\libs\litehtml\src\win32\debug\utf8_strings.obj
e:\code\litehtml\sdl container\sdlbrowser\libs\litehtml\src\win32\debug\util.obj
e:\code\litehtml\sdl container\sdlbrowser\libs\litehtml\src\win32\debug\vector.obj
e:\code\litehtml\sdl container\sdlbrowser\libs\litehtml\src\win32\debug\web_color.obj
e:\code\litehtml\sdl container\sdlbrowser\libs\litehtml\src\win32\debug\litehtml.idb
e:\code\litehtml\sdl container\sdlbrowser\libs\litehtml\src\win32\debug\litehtml.pdb
e:\code\litehtml\sdl container\sdlbrowser\libs\litehtml\src\win32\debug\litehtml.tlog\cl.command.1.tlog
e:\code\litehtml\sdl container\sdlbrowser\libs\litehtml\src\win32\debug\litehtml.tlog\cl.read.1.tlog
e:\code\litehtml\sdl container\sdlbrowser\libs\litehtml\src\win32\debug\litehtml.tlog\cl.write.1.tlog
e:\code\litehtml\sdl container\sdlbrowser\libs\litehtml\src\win32\debug\litehtml.tlog\lib-link.read.1.tlog
e:\code\litehtml\sdl container\sdlbrowser\libs\litehtml\src\win32\debug\litehtml.tlog\lib-link.write.1.tlog
e:\code\litehtml\sdl container\sdlbrowser\libs\litehtml\src\win32\debug\litehtml.tlog\lib.command.1.tlog
