  background.cpp
  box.cpp
  context.cpp
  css_length.cpp
  css_selector.cpp
  document.cpp
  element.cpp
  el_anchor.cpp
  el_base.cpp
  el_before_after.cpp
  el_body.cpp
  el_break.cpp
  el_cdata.cpp
  el_comment.cpp
  el_div.cpp
  el_font.cpp
  el_image.cpp
  el_link.cpp
  el_para.cpp
  el_script.cpp
  el_space.cpp
  el_style.cpp
  el_table.cpp
  el_td.cpp
  el_text.cpp
  el_title.cpp
  el_tr.cpp
  html.cpp
  html_tag.cpp
  iterators.cpp
  media_query.cpp
  style.cpp
  stylesheet.cpp
  table.cpp
  utf8_strings.cpp
  web_color.cpp
  attribute.c
  char_ref.c
  error.c
  parser.c
  string_buffer.c
  string_piece.c
  tag.c
  tokenizer.c
  utf8.c
  util.c
  vector.c
  litehtml.vcxproj -> E:\Code\AgeofSteam\bebe\SDLBrowser\Win32\Debug\litehtml.lib
